<?xml version="1.0" encoding="UTF-8"?>
<!-- Generated by org.testng.reporters.JUnitReportReporter -->
<testsuite hostname="mege-PC" name="Practice.TestNG" tests="3" failures="0" timestamp="1 Oct 2018 15:51:26 GMT" time="0.070" errors="0">
  <testcase name="testA" time="0.046" classname="Practice.TestNG"/>
  <testcase name="testC" time="0.024" classname="Practice.TestNG"/>
  <testcase name="testB" time="0.000" classname="Practice.TestNG"/>
</testsuite> <!-- Practice.TestNG -->
