<?xml version="1.0" encoding="UTF-8"?>
<!-- Generated by org.testng.reporters.JUnitReportReporter -->
<testsuite hostname="mege-PC" name="Muharram.DemoB" tests="2" failures="0" timestamp="23 Sep 2018 11:45:33 GMT" time="0.007" errors="0">
  <testcase name="testB2" time="0.004" classname="Muharram.DemoB"/>
  <testcase name="testB1" time="0.003" classname="Muharram.DemoB"/>
</testsuite> <!-- Muharram.DemoB -->
