<?xml version="1.0" encoding="UTF-8"?>
<!-- Generated by org.testng.reporters.JUnitReportReporter -->
<testsuite hostname="mege-PC" name="Automation1.Demo1A" tests="1" failures="0" timestamp="1 Oct 2018 14:09:14 GMT" time="0.047" errors="0">
  <testcase name="test1" time="0.047" classname="Automation1.Demo1A"/>
</testsuite> <!-- Automation1.Demo1A -->
