<?xml version="1.0" encoding="UTF-8"?>
<!-- Generated by org.testng.reporters.JUnitReportReporter -->
<testsuite hostname="mege-PC" name="package1.Grid" tests="2" failures="0" timestamp="27 Sep 2018 10:03:35 GMT" time="26.984" errors="0">
  <testcase name="testGrid" time="16.074" classname="package1.Grid"/>
  <testcase name="testGrid" time="10.910" classname="package1.Grid"/>
</testsuite> <!-- package1.Grid -->
