<?xml version="1.0" encoding="UTF-8"?>
<!-- Generated by org.testng.reporters.JUnitReportReporter -->
<testsuite hostname="mege-PC" name="Automation1.DataProviderEg" tests="2" failures="0" timestamp="24 Sep 2018 03:13:33 GMT" time="0.000" errors="0">
  <testcase name="createUser" time="0.000" classname="Automation1.DataProviderEg"/>
  <testcase name="createUser" time="0.000" classname="Automation1.DataProviderEg"/>
</testsuite> <!-- Automation1.DataProviderEg -->
