<?xml version="1.0" encoding="UTF-8"?>
<!-- Generated by org.testng.reporters.JUnitReportReporter -->
<testsuite hostname="mege-PC" name="Automation1.Parameter" tests="1" failures="0" timestamp="27 Sep 2018 04:41:22 GMT" time="0.023" errors="0">
  <testcase name="testA" time="0.023" classname="Automation1.Parameter"/>
</testsuite> <!-- Automation1.Parameter -->
