<?xml version="1.0" encoding="UTF-8"?>
<!-- Generated by org.testng.reporters.JUnitReportReporter -->
<testsuite hostname="mege-PC" name="Automation1.AnnotationsDemo" tests="4" failures="0" timestamp="21 Sep 2018 03:15:49 GMT" time="0.033" errors="0">
  <testcase name="createUser" time="0.012" classname="Automation1.AnnotationsDemo"/>
  <testcase name="editUser" time="0.006" classname="Automation1.AnnotationsDemo"/>
  <testcase name="editUser" time="0.005" classname="Automation1.AnnotationsDemo"/>
  <testcase name="editUser" time="0.010" classname="Automation1.AnnotationsDemo"/>
</testsuite> <!-- Automation1.AnnotationsDemo -->
