<?xml version="1.0" encoding="UTF-8"?>
<!-- Generated by org.testng.reporters.JUnitReportReporter -->
<testsuite hostname="mege-PC" name="package1.NodeRun" tests="1" failures="0" timestamp="27 Sep 2018 09:28:58 GMT" time="10.479" errors="0">
  <testcase name="testGrid" time="10.479" classname="package1.NodeRun"/>
</testsuite> <!-- package1.NodeRun -->
