<?xml version="1.0" encoding="UTF-8"?>
<!-- Generated by org.testng.reporters.JUnitReportReporter -->
<testsuite hostname="mege-PC" name="Automation1.TestNGGroups" tests="1" failures="0" timestamp="24 Sep 2018 04:01:26 GMT" time="0.000" errors="0">
  <testcase name="deleteUser" time="0.000" classname="Automation1.TestNGGroups"/>
</testsuite> <!-- Automation1.TestNGGroups -->
