<?xml version="1.0" encoding="UTF-8"?>
<!-- Generated by org.testng.reporters.JUnitReportReporter -->
<testsuite hostname="mege-PC" name="Automation1.GridActitime" tests="1" failures="0" timestamp="27 Sep 2018 15:53:47 GMT" time="37.039" errors="0">
  <testcase name="testGrid" time="37.039" classname="Automation1.GridActitime"/>
</testsuite> <!-- Automation1.GridActitime -->
