<?xml version="1.0" encoding="UTF-8"?>
<!-- Generated by org.testng.reporters.JUnitReportReporter -->
<testsuite hostname="mege-PC" name="Muharram.DemoA" tests="1" failures="0" timestamp="23 Sep 2018 11:47:54 GMT" time="0.010" errors="0">
  <testcase name="testA" time="0.010" classname="Muharram.DemoA"/>
</testsuite> <!-- Muharram.DemoA -->
