<?xml version="1.0" encoding="UTF-8"?>
<!-- Generated by org.testng.reporters.JUnitReportReporter -->
<testsuite hostname="mege-PC" name="TestNG.Grid" tests="1" failures="0" timestamp="3 Oct 2018 10:31:51 GMT" time="15.020" errors="0">
  <testcase name="testGrid" time="15.020" classname="TestNG.Grid"/>
</testsuite> <!-- TestNG.Grid -->
