<?xml version="1.0" encoding="UTF-8"?>
<!-- Generated by org.testng.reporters.JUnitReportReporter -->
<testsuite hostname="mege-PC" name="Automation.DemoA" tests="1" failures="0" timestamp="20 Sep 2018 04:02:09 GMT" time="0.000" errors="0">
  <testcase name="test" time="0.000" classname="Automation.DemoA"/>
</testsuite> <!-- Automation.DemoA -->
