<?xml version="1.0" encoding="UTF-8"?>
<!-- Generated by org.testng.reporters.JUnitReportReporter -->
<testsuite hostname="mege-PC" name="Automation1.HandlingMultipleFiles" tests="1" failures="0" timestamp="28 Sep 2018 03:10:34 GMT" time="0.023" errors="0">
  <testcase name="testGrid" time="0.023" classname="Automation1.HandlingMultipleFiles"/>
</testsuite> <!-- Automation1.HandlingMultipleFiles -->
