<?xml version="1.0" encoding="UTF-8"?>
<!-- Generated by org.testng.reporters.JUnitReportReporter -->
<testsuite hostname="mege-PC" name="Muharram.ClassA" tests="1" failures="0" timestamp="21 Sep 2018 04:25:36 GMT" time="0.024" errors="0">
  <testcase name="testA" time="0.024" classname="Muharram.ClassA"/>
</testsuite> <!-- Muharram.ClassA -->
