<?xml version="1.0" encoding="UTF-8"?>
<!-- Generated by org.testng.reporters.JUnitReportReporter -->
<testsuite hostname="mege-PC" name="Practice.DemoMaven" tests="1" failures="0" timestamp="21 Oct 2018 01:26:18 GMT" time="13.664" errors="0">
  <testcase name="demo" time="13.664" classname="Practice.DemoMaven"/>
</testsuite> <!-- Practice.DemoMaven -->
