<?xml version="1.0" encoding="UTF-8"?>
<!-- Generated by org.testng.reporters.JUnitReportReporter -->
<testsuite skipped="0" hostname="mege-PC" name="Script.OrangeTC1" tests="1" failures="0" timestamp="26 Oct 2018 08:58:20 GMT" time="15.760" errors="0">
  <testcase name="testA" time="15.760" classname="Script.OrangeTC1"/>
</testsuite> <!-- Script.OrangeTC1 -->
