<?xml version="1.0" encoding="UTF-8"?>
<!-- Generated by org.testng.reporters.JUnitReportReporter -->
<testsuite skipped="0" hostname="mege-PC" name="Practice.DemoMaven" tests="1" failures="0" timestamp="19 Oct 2018 08:14:14 GMT" time="5.058" errors="0">
  <testcase name="demo" time="5.058" classname="Practice.DemoMaven"/>
</testsuite> <!-- Practice.DemoMaven -->
